<?xml version="1.0" encoding="UTF-8"?>
<testng-results skipped="0" failed="0" total="1" passed="1">
  <reporter-output>
  </reporter-output>
  <suite name="Default suite" duration-ms="75253" started-at="2020-05-06T06:04:11Z" finished-at="2020-05-06T06:05:26Z">
    <groups>
    </groups>
    <test name="Default test" duration-ms="75253" started-at="2020-05-06T06:04:11Z" finished-at="2020-05-06T06:05:26Z">
      <class name="com.datadriven.test.MeetingCancelled_Test">
        <test-method status="PASS" signature="BMTest()[pri:0, instance:com.datadriven.test.MeetingCancelled_Test@1fdc050]" name="BMTest" is-config="true" duration-ms="22563" started-at="2020-05-06T11:34:13Z" finished-at="2020-05-06T11:34:35Z">
          <reporter-output>
          </reporter-output>
        </test-method> <!-- BMTest -->
        <test-method status="PASS" signature="Schedule_Meeting_cancelled_Test(java.lang.String, java.lang.String, java.lang.String, java.lang.String, java.lang.String, java.lang.String, java.lang.String, java.lang.String, java.lang.String, java.lang.String, java.lang.String, java.lang.String, java.lang.String, java.lang.String, java.lang.String, java.lang.String, java.lang.String, java.lang.String, java.lang.String, java.lang.String, java.lang.String, java.lang.String, java.lang.String)[pri:0, instance:com.datadriven.test.MeetingCancelled_Test@1fdc050]" name="Schedule_Meeting_cancelled_Test" duration-ms="49583" started-at="2020-05-06T11:34:35Z" data-provider="GetTestData" finished-at="2020-05-06T11:35:25Z">
          <params>
            <param index="0">
              <value>
                <![CDATA[demogaurav007]]>
              </value>
            </param>
            <param index="1">
              <value>
                <![CDATA[admin]]>
              </value>
            </param>
            <param index="2">
              <value>
                <![CDATA[EHS Committee Meeting]]>
              </value>
            </param>
            <param index="3">
              <value>
                <![CDATA[EHS M]]>
              </value>
            </param>
            <param index="4">
              <value>
                <![CDATA[Conference Hall Chavdi Unit]]>
              </value>
            </param>
            <param index="5">
              <value>
                <![CDATA[03:45 PM]]>
              </value>
            </param>
            <param index="6">
              <value>
                <![CDATA[03:45 PM]]>
              </value>
            </param>
            <param index="7">
              <value>
                <![CDATA[gaurav]]>
              </value>
            </param>
            <param index="8">
              <value>
                <![CDATA[Mathew]]>
              </value>
            </param>
            <param index="9">
              <value>
                <![CDATA[Test Agenda]]>
              </value>
            </param>
            <param index="10">
              <value>
                <![CDATA[Ravi Kumar]]>
              </value>
            </param>
            <param index="11">
              <value>
                <![CDATA[Test@gmail.com]]>
              </value>
            </param>
            <param index="12">
              <value>
                <![CDATA[C:\\Users\\GAURAV\\workspace\\Vguard_Automation\\Images\\Image.jpg]]>
              </value>
            </param>
            <param index="13">
              <value>
                <![CDATA[C:\\Users\\GAURAV\\workspace\\Vguard_Automation\\Images\\CeilingFan.jpg]]>
              </value>
            </param>
            <param index="14">
              <value>
                <![CDATA[Test Meeting point]]>
              </value>
            </param>
            <param index="15">
              <value>
                <![CDATA[Completed]]>
              </value>
            </param>
            <param index="16">
              <value>
                <![CDATA[Test comment Completed]]>
              </value>
            </param>
            <param index="17">
              <value>
                <![CDATA[Postpone]]>
              </value>
            </param>
            <param index="18">
              <value>
                <![CDATA[04:45 PM]]>
              </value>
            </param>
            <param index="19">
              <value>
                <![CDATA[04:45 PM]]>
              </value>
            </param>
            <param index="20">
              <value>
                <![CDATA[Test comment Postpone]]>
              </value>
            </param>
            <param index="21">
              <value>
                <![CDATA[cancelled]]>
              </value>
            </param>
            <param index="22">
              <value>
                <![CDATA[Test comment cancelled]]>
              </value>
            </param>
          </params>
          <reporter-output>
          </reporter-output>
        </test-method> <!-- Schedule_Meeting_cancelled_Test -->
        <test-method status="PASS" signature="AMTest()[pri:0, instance:com.datadriven.test.MeetingCancelled_Test@1fdc050]" name="AMTest" is-config="true" duration-ms="1590" started-at="2020-05-06T11:35:25Z" finished-at="2020-05-06T11:35:26Z">
          <reporter-output>
          </reporter-output>
        </test-method> <!-- AMTest -->
      </class> <!-- com.datadriven.test.MeetingCancelled_Test -->
    </test> <!-- Default test -->
  </suite> <!-- Default suite -->
</testng-results>
